<?xml version="1.0" encoding="UTF-8"?>
<!-- Generated by org.testng.reporters.JUnitXMLReporter -->
<testsuite ignored="0" hostname="Hash" failures="0" tests="5" name="Default test" time="28.932" errors="0" timestamp="2026-02-25T15:10:43 IST">
  <testcase classname="tests.CalculatorTest" name="additionTest" time="4.264"/>
  <testcase classname="tests.CalculatorTest" name="clearTest" time="5.116"/>
  <testcase classname="tests.CalculatorTest" name="divisionTest" time="3.754"/>
  <testcase classname="tests.CalculatorTest" name="multiplicationTest" time="3.616"/>
  <testcase classname="tests.CalculatorTest" name="subtractionTest" time="3.697"/>
</testsuite> <!-- Default test -->
