<?xml version="1.0" encoding="UTF-8"?>
<testng-results ignored="0" total="5" passed="5" failed="0" skipped="0">
  <reporter-output>
  </reporter-output>
  <suite started-at="2026-02-25T15:10:14 IST" name="Default suite" finished-at="2026-02-25T15:10:43 IST" duration-ms="28932">
    <groups>
    </groups>
    <test started-at="2026-02-25T15:10:14 IST" name="Default test" finished-at="2026-02-25T15:10:43 IST" duration-ms="28932">
      <class name="tests.CalculatorTest">
        <test-method is-config="true" signature="setup()[pri:0, instance:tests.CalculatorTest@1c1bbc4e]" started-at="2026-02-25T15:10:14 IST" name="setup" finished-at="2026-02-25T15:10:22 IST" duration-ms="8106" status="PASS">
          <reporter-output>
          </reporter-output>
        </test-method> <!-- setup -->
        <test-method signature="additionTest()[pri:0, instance:tests.CalculatorTest@1c1bbc4e]" started-at="2026-02-25T15:10:22 IST" name="additionTest" finished-at="2026-02-25T15:10:27 IST" duration-ms="4264" status="PASS">
          <reporter-output>
          </reporter-output>
        </test-method> <!-- additionTest -->
        <test-method is-config="true" signature="captureFailure(org.testng.ITestResult)[pri:0, instance:tests.CalculatorTest@1c1bbc4e]" started-at="2026-02-25T15:10:27 IST" name="captureFailure" finished-at="2026-02-25T15:10:27 IST" duration-ms="1" status="PASS">
          <params>
            <param index="0">
              <value>
                <![CDATA[[TestResult name=additionTest status=SUCCESS method=CalculatorTest.additionTest()[pri:0, instance:tests.CalculatorTest@1c1bbc4e] output={null}]]]>
              </value>
            </param>
          </params>
          <reporter-output>
          </reporter-output>
        </test-method> <!-- captureFailure -->
        <test-method signature="clearTest()[pri:0, instance:tests.CalculatorTest@1c1bbc4e]" started-at="2026-02-25T15:10:27 IST" name="clearTest" finished-at="2026-02-25T15:10:32 IST" duration-ms="5116" status="PASS">
          <reporter-output>
          </reporter-output>
        </test-method> <!-- clearTest -->
        <test-method is-config="true" signature="captureFailure(org.testng.ITestResult)[pri:0, instance:tests.CalculatorTest@1c1bbc4e]" started-at="2026-02-25T15:10:32 IST" name="captureFailure" finished-at="2026-02-25T15:10:32 IST" duration-ms="1" status="PASS">
          <params>
            <param index="0">
              <value>
                <![CDATA[[TestResult name=clearTest status=SUCCESS method=CalculatorTest.clearTest()[pri:0, instance:tests.CalculatorTest@1c1bbc4e] output={null}]]]>
              </value>
            </param>
          </params>
          <reporter-output>
          </reporter-output>
        </test-method> <!-- captureFailure -->
        <test-method signature="divisionTest()[pri:0, instance:tests.CalculatorTest@1c1bbc4e]" started-at="2026-02-25T15:10:32 IST" name="divisionTest" finished-at="2026-02-25T15:10:35 IST" duration-ms="3754" status="PASS">
          <reporter-output>
          </reporter-output>
        </test-method> <!-- divisionTest -->
        <test-method is-config="true" signature="captureFailure(org.testng.ITestResult)[pri:0, instance:tests.CalculatorTest@1c1bbc4e]" started-at="2026-02-25T15:10:35 IST" name="captureFailure" finished-at="2026-02-25T15:10:35 IST" duration-ms="1" status="PASS">
          <params>
            <param index="0">
              <value>
                <![CDATA[[TestResult name=divisionTest status=SUCCESS method=CalculatorTest.divisionTest()[pri:0, instance:tests.CalculatorTest@1c1bbc4e] output={null}]]]>
              </value>
            </param>
          </params>
          <reporter-output>
          </reporter-output>
        </test-method> <!-- captureFailure -->
        <test-method signature="multiplicationTest()[pri:0, instance:tests.CalculatorTest@1c1bbc4e]" started-at="2026-02-25T15:10:35 IST" name="multiplicationTest" finished-at="2026-02-25T15:10:39 IST" duration-ms="3616" status="PASS">
          <reporter-output>
          </reporter-output>
        </test-method> <!-- multiplicationTest -->
        <test-method is-config="true" signature="captureFailure(org.testng.ITestResult)[pri:0, instance:tests.CalculatorTest@1c1bbc4e]" started-at="2026-02-25T15:10:39 IST" name="captureFailure" finished-at="2026-02-25T15:10:39 IST" duration-ms="1" status="PASS">
          <params>
            <param index="0">
              <value>
                <![CDATA[[TestResult name=multiplicationTest status=SUCCESS method=CalculatorTest.multiplicationTest()[pri:0, instance:tests.CalculatorTest@1c1bbc4e] output={null}]]]>
              </value>
            </param>
          </params>
          <reporter-output>
          </reporter-output>
        </test-method> <!-- captureFailure -->
        <test-method signature="subtractionTest()[pri:0, instance:tests.CalculatorTest@1c1bbc4e]" started-at="2026-02-25T15:10:39 IST" name="subtractionTest" finished-at="2026-02-25T15:10:43 IST" duration-ms="3697" status="PASS">
          <reporter-output>
          </reporter-output>
        </test-method> <!-- subtractionTest -->
        <test-method is-config="true" signature="captureFailure(org.testng.ITestResult)[pri:0, instance:tests.CalculatorTest@1c1bbc4e]" started-at="2026-02-25T15:10:43 IST" name="captureFailure" finished-at="2026-02-25T15:10:43 IST" duration-ms="0" status="PASS">
          <params>
            <param index="0">
              <value>
                <![CDATA[[TestResult name=subtractionTest status=SUCCESS method=CalculatorTest.subtractionTest()[pri:0, instance:tests.CalculatorTest@1c1bbc4e] output={null}]]]>
              </value>
            </param>
          </params>
          <reporter-output>
          </reporter-output>
        </test-method> <!-- captureFailure -->
        <test-method is-config="true" signature="tearDown()[pri:0, instance:tests.CalculatorTest@1c1bbc4e]" started-at="2026-02-25T15:10:43 IST" name="tearDown" finished-at="2026-02-25T15:10:43 IST" duration-ms="325" status="PASS">
          <reporter-output>
          </reporter-output>
        </test-method> <!-- tearDown -->
      </class> <!-- tests.CalculatorTest -->
    </test> <!-- Default test -->
  </suite> <!-- Default suite -->
</testng-results>
