<?xml version="1.0" encoding="UTF-8"?>
<!-- Generated by org.testng.reporters.JUnitReportReporter -->
<testsuite hostname="Hash" failures="0" tests="5" name="tests.CalculatorTest" time="20.451" errors="0" timestamp="2026-02-25T15:10:43 IST" skipped="0">
  <testcase classname="tests.CalculatorTest" name="clearTest" time="5.117"/>
  <testcase classname="tests.CalculatorTest" name="multiplicationTest" time="3.616"/>
  <testcase classname="tests.CalculatorTest" name="additionTest" time="4.265"/>
  <testcase classname="tests.CalculatorTest" name="divisionTest" time="3.755"/>
  <testcase classname="tests.CalculatorTest" name="subtractionTest" time="3.698"/>
</testsuite> <!-- tests.CalculatorTest -->
